2024-11-30 00:17:50,689 INFO  org.apache.flink.client.cli.CliFrontend                      [] - --------------------------------------------------------------------------------
2024-11-30 00:17:50,690 INFO  org.apache.flink.client.cli.CliFrontend                      [] -  Starting Command Line Client (Version: 1.20.0, Scala: 2.12, Rev:b1fe7b4, Date:2024-07-25T04:22:22+02:00)
2024-11-30 00:17:50,690 INFO  org.apache.flink.client.cli.CliFrontend                      [] -  OS current user: root
2024-11-30 00:17:50,690 INFO  org.apache.flink.client.cli.CliFrontend                      [] -  Current Hadoop/Kerberos user: <no hadoop dependency found>
2024-11-30 00:17:50,690 INFO  org.apache.flink.client.cli.CliFrontend                      [] -  JVM: OpenJDK 64-Bit Server VM - Eclipse Adoptium - 11/11.0.25+9
2024-11-30 00:17:50,690 INFO  org.apache.flink.client.cli.CliFrontend                      [] -  Arch: aarch64
2024-11-30 00:17:50,690 INFO  org.apache.flink.client.cli.CliFrontend                      [] -  Maximum heap size: 980 MiBytes
2024-11-30 00:17:50,690 INFO  org.apache.flink.client.cli.CliFrontend                      [] -  JAVA_HOME: /opt/java/openjdk
2024-11-30 00:17:50,691 INFO  org.apache.flink.client.cli.CliFrontend                      [] -  No Hadoop Dependency available
2024-11-30 00:17:50,691 INFO  org.apache.flink.client.cli.CliFrontend                      [] -  JVM Options:
2024-11-30 00:17:50,691 INFO  org.apache.flink.client.cli.CliFrontend                      [] -     -XX:+IgnoreUnrecognizedVMOptions
2024-11-30 00:17:50,691 INFO  org.apache.flink.client.cli.CliFrontend                      [] -     -Dlog.file=/opt/flink/log/flink--client-f1fc2d9654ef.log
2024-11-30 00:17:50,691 INFO  org.apache.flink.client.cli.CliFrontend                      [] -     -Dlog4j.configuration=file:/opt/flink/conf/log4j-cli.properties
2024-11-30 00:17:50,691 INFO  org.apache.flink.client.cli.CliFrontend                      [] -     -Dlog4j.configurationFile=file:/opt/flink/conf/log4j-cli.properties
2024-11-30 00:17:50,691 INFO  org.apache.flink.client.cli.CliFrontend                      [] -     -Dlogback.configurationFile=file:/opt/flink/conf/logback.xml
2024-11-30 00:17:50,691 INFO  org.apache.flink.client.cli.CliFrontend                      [] -  Program Arguments:
2024-11-30 00:17:50,692 INFO  org.apache.flink.client.cli.CliFrontend                      [] -     run
2024-11-30 00:17:50,692 INFO  org.apache.flink.client.cli.CliFrontend                      [] -     /opt/flink/usrlib/2-data_processing-1.0-SNAPSHOT.jar
2024-11-30 00:17:50,692 INFO  org.apache.flink.client.cli.CliFrontend                      [] -  Classpath: /opt/flink/lib/flink-cep-1.20.0.jar:/opt/flink/lib/flink-connector-files-1.20.0.jar:/opt/flink/lib/flink-csv-1.20.0.jar:/opt/flink/lib/flink-json-1.20.0.jar:/opt/flink/lib/flink-scala_2.12-1.20.0.jar:/opt/flink/lib/flink-table-api-java-uber-1.20.0.jar:/opt/flink/lib/flink-table-planner-loader-1.20.0.jar:/opt/flink/lib/flink-table-runtime-1.20.0.jar:/opt/flink/lib/log4j-1.2-api-2.17.1.jar:/opt/flink/lib/log4j-api-2.17.1.jar:/opt/flink/lib/log4j-core-2.17.1.jar:/opt/flink/lib/log4j-slf4j-impl-2.17.1.jar:/opt/flink/lib/flink-dist-1.20.0.jar:::
2024-11-30 00:17:50,692 INFO  org.apache.flink.client.cli.CliFrontend                      [] - --------------------------------------------------------------------------------
2024-11-30 00:17:50,693 INFO  org.apache.flink.configuration.GlobalConfiguration           [] - Using standard YAML parser to load flink configuration file from /opt/flink/conf/config.yaml.
2024-11-30 00:17:50,715 INFO  org.apache.flink.configuration.GlobalConfiguration           [] - Loading configuration property: blob.server.port, 6124
2024-11-30 00:17:50,715 INFO  org.apache.flink.configuration.GlobalConfiguration           [] - Loading configuration property: taskmanager.memory.process.size, 2048m
2024-11-30 00:17:50,715 INFO  org.apache.flink.configuration.GlobalConfiguration           [] - Loading configuration property: logging.file.path, ./logs/taskmanager/docker-taskmanager.log
2024-11-30 00:17:50,715 INFO  org.apache.flink.configuration.GlobalConfiguration           [] - Loading configuration property: logging.level, INFO
2024-11-30 00:17:50,715 INFO  org.apache.flink.configuration.GlobalConfiguration           [] - Loading configuration property: jobmanager.rpc.address, jobmanager
2024-11-30 00:17:50,715 INFO  org.apache.flink.configuration.GlobalConfiguration           [] - Loading configuration property: jobmanager.memory.process.size, 2048m
2024-11-30 00:17:50,715 INFO  org.apache.flink.configuration.GlobalConfiguration           [] - Loading configuration property: query.server.port, 6125
2024-11-30 00:17:50,715 INFO  org.apache.flink.configuration.GlobalConfiguration           [] - Loading configuration property: execution.checkpointing.interval, 10000
2024-11-30 00:17:50,715 INFO  org.apache.flink.configuration.GlobalConfiguration           [] - Loading configuration property: rest.port, 8081
2024-11-30 00:17:50,716 INFO  org.apache.flink.configuration.GlobalConfiguration           [] - Loading configuration property: logging.pattern.console, %d{yyyy-MM-dd HH:mm:ss.SSS} [%thread] %-5level %logger{60} %X{sourceThread} - %msg%n
2024-11-30 00:17:50,716 INFO  org.apache.flink.configuration.GlobalConfiguration           [] - Loading configuration property: parallelism.default, 1
2024-11-30 00:17:50,716 INFO  org.apache.flink.configuration.GlobalConfiguration           [] - Loading configuration property: taskmanager.numberOfTaskSlots, 1
2024-11-30 00:17:50,716 INFO  org.apache.flink.configuration.GlobalConfiguration           [] - Loading configuration property: state.backend, filesystem
2024-11-30 00:17:50,716 INFO  org.apache.flink.configuration.GlobalConfiguration           [] - Loading configuration property: state.checkpoints.dir, file:///tmp/flink-checkpoints
2024-11-30 00:17:50,744 INFO  org.apache.flink.client.cli.CliFrontend                      [] - Loading FallbackYarnSessionCli
2024-11-30 00:17:50,773 INFO  org.apache.flink.core.fs.FileSystem                          [] - Hadoop is not in the classpath/dependencies. The extended set of supported File Systems via Hadoop is not available.
2024-11-30 00:17:50,785 INFO  org.apache.flink.core.plugin.DefaultPluginManager            [] - Plugin loader with ID not found, creating it: metrics-slf4j
2024-11-30 00:17:50,790 INFO  org.apache.flink.core.plugin.DefaultPluginManager            [] - Plugin loader with ID not found, creating it: metrics-prometheus
2024-11-30 00:17:50,790 INFO  org.apache.flink.core.plugin.DefaultPluginManager            [] - Plugin loader with ID not found, creating it: metrics-statsd
2024-11-30 00:17:50,790 INFO  org.apache.flink.core.plugin.DefaultPluginManager            [] - Plugin loader with ID not found, creating it: metrics-graphite
2024-11-30 00:17:50,790 INFO  org.apache.flink.core.plugin.DefaultPluginManager            [] - Plugin loader with ID not found, creating it: metrics-jmx
2024-11-30 00:17:50,790 INFO  org.apache.flink.core.plugin.DefaultPluginManager            [] - Plugin loader with ID not found, creating it: metrics-datadog
2024-11-30 00:17:50,790 INFO  org.apache.flink.core.plugin.DefaultPluginManager            [] - Plugin loader with ID not found, creating it: metrics-influx
2024-11-30 00:17:50,791 INFO  org.apache.flink.core.plugin.DefaultPluginManager            [] - Plugin loader with ID not found, creating it: external-resource-gpu
2024-11-30 00:17:50,824 INFO  org.apache.flink.runtime.security.modules.HadoopModuleFactory [] - Cannot create Hadoop Security Module because Hadoop cannot be found in the Classpath.
2024-11-30 00:17:50,841 INFO  org.apache.flink.runtime.security.modules.JaasModule         [] - Jaas file will be created as /tmp/jaas-3726937771872168501.conf.
2024-11-30 00:17:50,846 INFO  org.apache.flink.runtime.security.contexts.HadoopSecurityContextFactory [] - Cannot install HadoopSecurityContext because Hadoop cannot be found in the Classpath.
2024-11-30 00:17:50,847 INFO  org.apache.flink.client.cli.CliFrontend                      [] - Running 'run' command.
2024-11-30 00:17:50,853 ERROR org.apache.flink.client.cli.CliFrontend                      [] - Invalid command line arguments.
org.apache.flink.client.cli.CliArgsException: Could not get job jar and dependencies from JAR file: JAR file does not exist: /opt/flink/usrlib/2-data_processing-1.0-SNAPSHOT.jar
	at org.apache.flink.client.cli.CliFrontend.getJobJarAndDependencies(CliFrontend.java:262) ~[flink-dist-1.20.0.jar:1.20.0]
	at org.apache.flink.client.cli.CliFrontend.run(CliFrontend.java:239) ~[flink-dist-1.20.0.jar:1.20.0]
	at org.apache.flink.client.cli.CliFrontend.parseAndRun(CliFrontend.java:1270) ~[flink-dist-1.20.0.jar:1.20.0]
	at org.apache.flink.client.cli.CliFrontend.lambda$mainInternal$10(CliFrontend.java:1367) ~[flink-dist-1.20.0.jar:1.20.0]
	at org.apache.flink.runtime.security.contexts.NoOpSecurityContext.runSecured(NoOpSecurityContext.java:28) [flink-dist-1.20.0.jar:1.20.0]
	at org.apache.flink.client.cli.CliFrontend.mainInternal(CliFrontend.java:1367) [flink-dist-1.20.0.jar:1.20.0]
	at org.apache.flink.client.cli.CliFrontend.main(CliFrontend.java:1335) [flink-dist-1.20.0.jar:1.20.0]
Caused by: java.io.FileNotFoundException: JAR file does not exist: /opt/flink/usrlib/2-data_processing-1.0-SNAPSHOT.jar
	at org.apache.flink.client.cli.CliFrontend.getJarFile(CliFrontend.java:1079) ~[flink-dist-1.20.0.jar:1.20.0]
	at org.apache.flink.client.cli.CliFrontend.getJobJarAndDependencies(CliFrontend.java:258) ~[flink-dist-1.20.0.jar:1.20.0]
	... 6 more
